<?xml version="1.0" encoding="UTF-8"?>
<!-- Generated by org.testng.reporters.JUnitReportReporter -->
<testsuite skipped="0" hostname="Tus-MacBook-Pro.attlocal.net" name="api_learning.testng.DataProviderComputerData" tests="3" failures="0" timestamp="2022-09-16T20:17:20 CDT" time="0.062" errors="0">
  <testcase name="testDataProvider" time="0.060" classname="api_learning.testng.DataProviderComputerData"/>
  <system-out/>
  <testcase name="testDataProvider" time="0.001" classname="api_learning.testng.DataProviderComputerData"/>
  <system-out/>
  <testcase name="testDataProvider" time="0.001" classname="api_learning.testng.DataProviderComputerData"/>
  <system-out/>
</testsuite> <!-- api_learning.testng.DataProviderComputerData -->
