<?xml version="1.0" encoding="UTF-8"?>
<!-- Generated by org.testng.reporters.JUnitReportReporter -->
<testsuite skipped="0" hostname="Tus-MacBook-Pro.attlocal.net" name="test.computer.BuyingCheapComputerTest" tests="3" failures="0" timestamp="2022-09-16T20:23:48 CDT" time="97.580" errors="0">
  <testcase name="testCheapComputerBuying" time="20.246" classname="test.computer.BuyingCheapComputerTest"/>
  <system-out/>
  <testcase name="testCheapComputerBuying" time="20.428" classname="test.computer.BuyingCheapComputerTest"/>
  <system-out/>
  <testcase name="testCheapComputerBuying" time="56.906" classname="test.computer.BuyingCheapComputerTest"/>
  <system-out/>
</testsuite> <!-- test.computer.BuyingCheapComputerTest -->
