<?xml version="1.0" encoding="UTF-8"?>
<!-- Generated by org.testng.reporters.JUnitReportReporter -->
<testsuite skipped="0" hostname="Tus-MacBook-Pro.attlocal.net" name="api_learning.testng.TestNGHook02" tests="2" failures="0" timestamp="2022-09-16T20:17:20 CDT" time="0.058" errors="0">
  <testcase name="testSth" time="0.054" classname="api_learning.testng.TestNGHook02"/>
  <system-out/>
  <testcase name="testSthElse" time="0.004" classname="api_learning.testng.TestNGHook02"/>
  <system-out/>
</testsuite> <!-- api_learning.testng.TestNGHook02 -->
