<?xml version="1.0" encoding="UTF-8"?>
<!-- Generated by org.testng.reporters.JUnitReportReporter -->
<testsuite skipped="0" hostname="Tus-MacBook-Pro.attlocal.net" name="test.computer.BuyingStandardComputerTest" tests="3" failures="0" timestamp="2022-09-16T20:23:48 CDT" time="97.584" errors="0">
  <testcase name="testStandardComputerBuying" time="56.415" classname="test.computer.BuyingStandardComputerTest"/>
  <system-out/>
  <testcase name="testStandardComputerBuying" time="20.229" classname="test.computer.BuyingStandardComputerTest"/>
  <system-out/>
  <testcase name="testStandardComputerBuying" time="20.940" classname="test.computer.BuyingStandardComputerTest"/>
  <system-out/>
</testsuite> <!-- test.computer.BuyingStandardComputerTest -->
